# JRE version: Java(TM) SE Runtime Environment 18.9 (11.0.15+8) (build 11.0.15+8-LTS-149)
# Java VM: Java HotSpot(TM) 64-Bit Server VM 18.9 (11.0.15+8-LTS-149, mixed mode, tiered, compressed oops, g1 gc, windows-amd64)
Heap:
 garbage-first heap   total 131072K, used 69274K [0x0000000080000000, 0x0000000100000000)
  region size 1024K, 4 young (4096K), 3 survivors (3072K)
 Metaspace       used 77411K, capacity 79662K, committed 79872K, reserved 585728K
  class space    used 10182K, capacity 11157K, committed 11264K, reserved 516096K
GC Heap History (10 events):
Event: 39.797 GC heap before
{Heap before GC invocations=11 (full 0):
 garbage-first heap   total 131072K, used 90916K [0x0000000080000000, 0x0000000100000000)
  region size 1024K, 56 young (57344K), 8 survivors (8192K)
 Metaspace       used 58190K, capacity 59840K, committed 59904K, reserved 569344K
  class space    used 7728K, capacity 8415K, committed 8448K, reserved 516096K
}
Event: 39.812 GC heap after
{Heap after GC invocations=12 (full 0):
 garbage-first heap   total 131072K, used 44650K [0x0000000080000000, 0x0000000100000000)
  region size 1024K, 3 young (3072K), 3 survivors (3072K)
 Metaspace       used 58190K, capacity 59840K, committed 59904K, reserved 569344K
  class space    used 7728K, capacity 8415K, committed 8448K, reserved 516096K
}
Event: 41.188 GC heap before
{Heap before GC invocations=13 (full 0):
 garbage-first heap   total 131072K, used 101994K [0x0000000080000000, 0x0000000100000000)
  region size 1024K, 60 young (61440K), 3 survivors (3072K)
 Metaspace       used 62129K, capacity 63864K, committed 64000K, reserved 571392K
  class space    used 8232K, capacity 8956K, committed 8960K, reserved 516096K
}
Event: 41.198 GC heap after
{Heap after GC invocations=14 (full 0):
 garbage-first heap   total 131072K, used 46119K [0x0000000080000000, 0x0000000100000000)
  region size 1024K, 4 young (4096K), 4 survivors (4096K)
 Metaspace       used 62129K, capacity 63864K, committed 64000K, reserved 571392K
  class space    used 8232K, capacity 8956K, committed 8960K, reserved 516096K
}
Event: 42.878 GC heap before
{Heap before GC invocations=14 (full 0):
 garbage-first heap   total 131072K, used 105511K [0x0000000080000000, 0x0000000100000000)
  region size 1024K, 62 young (63488K), 4 survivors (4096K)
 Metaspace       used 65349K, capacity 67274K, committed 67456K, reserved 575488K
  class space    used 8689K, capacity 9485K, committed 9600K, reserved 516096K
}
Event: 42.893 GC heap after
{Heap after GC invocations=15 (full 0):
 garbage-first heap   total 131072K, used 49800K [0x0000000080000000, 0x0000000100000000)
  region size 1024K, 8 young (8192K), 8 survivors (8192K)
 Metaspace       used 65349K, capacity 67274K, committed 67456K, reserved 575488K
  class space    used 8689K, capacity 9485K, committed 9600K, reserved 516096K
}
Event: 44.472 GC heap before
{Heap before GC invocations=15 (full 0):
 garbage-first heap   total 131072K, used 105096K [0x0000000080000000, 0x0000000100000000)
  region size 1024K, 63 young (64512K), 8 survivors (8192K)
 Metaspace       used 69257K, capacity 71324K, committed 71552K, reserved 577536K
  class space    used 9230K, capacity 10103K, committed 10112K, reserved 516096K
}
Event: 44.491 GC heap after
{Heap after GC invocations=16 (full 0):
 garbage-first heap   total 131072K, used 54338K [0x0000000080000000, 0x0000000100000000)
  region size 1024K, 8 young (8192K), 8 survivors (8192K)
 Metaspace       used 69257K, capacity 71324K, committed 71552K, reserved 577536K
  class space    used 9230K, capacity 10103K, committed 10112K, reserved 516096K
}
Event: 46.207 GC heap before
{Heap before GC invocations=16 (full 0):
 garbage-first heap   total 131072K, used 108610K [0x0000000080000000, 0x0000000100000000)
  region size 1024K, 58 young (59392K), 8 survivors (8192K)
 Metaspace       used 71622K, capacity 73970K, committed 74112K, reserved 579584K
  class space    used 9540K, capacity 10523K, committed 10624K, reserved 516096K
}
Event: 46.223 GC heap after
{Heap after GC invocations=17 (full 0):
 garbage-first heap   total 131072K, used 66629K [0x0000000080000000, 0x0000000100000000)
  region size 1024K, 8 young (8192K), 8 survivors (8192K)
 Metaspace       used 71622K, capacity 73970K, committed 74112K, reserved 579584K
  class space    used 9540K, capacity 10523K, committed 10624K, reserved 516096K
}

